<?xml version="1.0" encoding="UTF-8"?>
<!-- Generated by org.testng.reporters.JUnitXMLReporter -->
<testsuite ignored="0" hostname="EN911205" failures="0" tests="6" name="ChromeTests" time="23.894" errors="0" timestamp="2022-03-22T22:38:17 COT">
  <testcase classname="tests.MovieTest" name="successfulSearch" time="2.708"/>
  <testcase classname="tests.LoginTest" name="failedLogin" time="3.029"/>
  <testcase classname="tests.LoginTest" name="successfulLogin" time="4.74"/>
  <testcase classname="tests.MovieTest" name="sortByDatesOnAscendingOrder" time="3.811"/>
  <testcase classname="tests.MovieTest" name="validateActingTimeline" time="3.892"/>
  <testcase classname="tests.MovieTest" name="verifyMovieGenreFilter" time="3.552"/>
</testsuite> <!-- ChromeTests -->
