<?xml version="1.0" encoding="UTF-8"?>
<testng-results ignored="0" total="6" passed="6" failed="0" skipped="0">
  <reporter-output>
  </reporter-output>
  <suite started-at="2022-03-22T22:37:53 COT" name="Test-method Suite" finished-at="2022-03-22T22:38:17 COT" duration-ms="23894">
    <groups>
    </groups>
    <test started-at="2022-03-22T22:37:53 COT" name="ChromeTests" finished-at="2022-03-22T22:38:17 COT" duration-ms="23894">
      <class name="tests.LoginTest">
        <test-method is-config="true" signature="setup(java.lang.String)[pri:0, instance:tests.LoginTest@26a94fa5]" started-at="2022-03-22T22:37:53 COT" name="setup" finished-at="2022-03-22T22:38:02 COT" duration-ms="8434" status="PASS">
          <params>
            <param index="0">
              <value>
                <![CDATA[Chrome]]>
              </value>
            </param>
          </params>
          <reporter-output>
          </reporter-output>
        </test-method> <!-- setup -->
        <test-method is-config="true" signature="setup(java.lang.String)[pri:0, instance:tests.LoginTest@26a94fa5]" started-at="2022-03-22T22:37:53 COT" name="setup" finished-at="2022-03-22T22:38:04 COT" duration-ms="10522" status="PASS">
          <params>
            <param index="0">
              <value>
                <![CDATA[Chrome]]>
              </value>
            </param>
          </params>
          <reporter-output>
          </reporter-output>
        </test-method> <!-- setup -->
        <test-method signature="successfulLogin()[pri:0, instance:tests.LoginTest@26a94fa5]" started-at="2022-03-22T22:38:02 COT" name="successfulLogin" finished-at="2022-03-22T22:38:07 COT" duration-ms="4740" status="PASS">
          <reporter-output>
          </reporter-output>
        </test-method> <!-- successfulLogin -->
        <test-method signature="failedLogin()[pri:0, instance:tests.LoginTest@26a94fa5]" started-at="2022-03-22T22:38:04 COT" name="failedLogin" finished-at="2022-03-22T22:38:07 COT" duration-ms="3029" status="PASS">
          <reporter-output>
          </reporter-output>
        </test-method> <!-- failedLogin -->
        <test-method is-config="true" signature="tearDown()[pri:0, instance:tests.LoginTest@26a94fa5]" started-at="2022-03-22T22:38:07 COT" name="tearDown" finished-at="2022-03-22T22:38:07 COT" duration-ms="549" status="PASS">
          <reporter-output>
          </reporter-output>
        </test-method> <!-- tearDown -->
        <test-method is-config="true" signature="tearDown()[pri:0, instance:tests.LoginTest@26a94fa5]" started-at="2022-03-22T22:38:07 COT" name="tearDown" finished-at="2022-03-22T22:38:08 COT" duration-ms="628" status="PASS">
          <reporter-output>
          </reporter-output>
        </test-method> <!-- tearDown -->
      </class> <!-- tests.LoginTest -->
      <class name="tests.MovieTest">
        <test-method is-config="true" signature="setup(java.lang.String)[pri:0, instance:tests.MovieTest@464a4442]" started-at="2022-03-22T22:37:53 COT" name="setup" finished-at="2022-03-22T22:38:05 COT" duration-ms="11341" status="PASS">
          <params>
            <param index="0">
              <value>
                <![CDATA[Chrome]]>
              </value>
            </param>
          </params>
          <reporter-output>
          </reporter-output>
        </test-method> <!-- setup -->
        <test-method is-config="true" signature="setup(java.lang.String)[pri:0, instance:tests.MovieTest@464a4442]" started-at="2022-03-22T22:37:53 COT" name="setup" finished-at="2022-03-22T22:38:04 COT" duration-ms="10613" status="PASS">
          <params>
            <param index="0">
              <value>
                <![CDATA[Chrome]]>
              </value>
            </param>
          </params>
          <reporter-output>
          </reporter-output>
        </test-method> <!-- setup -->
        <test-method signature="successfulSearch()[pri:0, instance:tests.MovieTest@464a4442]" started-at="2022-03-22T22:38:04 COT" name="successfulSearch" finished-at="2022-03-22T22:38:07 COT" duration-ms="2708" status="PASS">
          <reporter-output>
          </reporter-output>
        </test-method> <!-- successfulSearch -->
        <test-method signature="sortByDatesOnAscendingOrder()[pri:0, instance:tests.MovieTest@464a4442]" started-at="2022-03-22T22:38:05 COT" name="sortByDatesOnAscendingOrder" finished-at="2022-03-22T22:38:08 COT" duration-ms="3811" status="PASS">
          <reporter-output>
          </reporter-output>
        </test-method> <!-- sortByDatesOnAscendingOrder -->
        <test-method is-config="true" signature="tearDown()[pri:0, instance:tests.MovieTest@464a4442]" started-at="2022-03-22T22:38:07 COT" name="tearDown" finished-at="2022-03-22T22:38:08 COT" duration-ms="1078" status="PASS">
          <reporter-output>
          </reporter-output>
        </test-method> <!-- tearDown -->
        <test-method is-config="true" signature="setup(java.lang.String)[pri:0, instance:tests.MovieTest@464a4442]" started-at="2022-03-22T22:38:07 COT" name="setup" finished-at="2022-03-22T22:38:12 COT" duration-ms="4736" status="PASS">
          <params>
            <param index="0">
              <value>
                <![CDATA[Chrome]]>
              </value>
            </param>
          </params>
          <reporter-output>
          </reporter-output>
        </test-method> <!-- setup -->
        <test-method is-config="true" signature="setup(java.lang.String)[pri:0, instance:tests.MovieTest@464a4442]" started-at="2022-03-22T22:38:08 COT" name="setup" finished-at="2022-03-22T22:38:13 COT" duration-ms="5515" status="PASS">
          <params>
            <param index="0">
              <value>
                <![CDATA[Chrome]]>
              </value>
            </param>
          </params>
          <reporter-output>
          </reporter-output>
        </test-method> <!-- setup -->
        <test-method is-config="true" signature="tearDown()[pri:0, instance:tests.MovieTest@464a4442]" started-at="2022-03-22T22:38:08 COT" name="tearDown" finished-at="2022-03-22T22:38:09 COT" duration-ms="266" status="PASS">
          <reporter-output>
          </reporter-output>
        </test-method> <!-- tearDown -->
        <test-method signature="validateActingTimeline()[pri:0, instance:tests.MovieTest@464a4442]" started-at="2022-03-22T22:38:12 COT" name="validateActingTimeline" finished-at="2022-03-22T22:38:16 COT" duration-ms="3892" status="PASS">
          <reporter-output>
          </reporter-output>
        </test-method> <!-- validateActingTimeline -->
        <test-method signature="verifyMovieGenreFilter()[pri:0, instance:tests.MovieTest@464a4442]" started-at="2022-03-22T22:38:13 COT" name="verifyMovieGenreFilter" finished-at="2022-03-22T22:38:17 COT" duration-ms="3552" status="PASS">
          <reporter-output>
          </reporter-output>
        </test-method> <!-- verifyMovieGenreFilter -->
        <test-method is-config="true" signature="tearDown()[pri:0, instance:tests.MovieTest@464a4442]" started-at="2022-03-22T22:38:16 COT" name="tearDown" finished-at="2022-03-22T22:38:16 COT" duration-ms="250" status="PASS">
          <reporter-output>
          </reporter-output>
        </test-method> <!-- tearDown -->
        <test-method is-config="true" signature="tearDown()[pri:0, instance:tests.MovieTest@464a4442]" started-at="2022-03-22T22:38:17 COT" name="tearDown" finished-at="2022-03-22T22:38:17 COT" duration-ms="295" status="PASS">
          <reporter-output>
          </reporter-output>
        </test-method> <!-- tearDown -->
      </class> <!-- tests.MovieTest -->
    </test> <!-- ChromeTests -->
  </suite> <!-- Test-method Suite -->
</testng-results>
