<?xml version="1.0" encoding="UTF-8"?>
<testsuite xmlns:xsi="http://www.w3.org/2001/XMLSchema-instance" xsi:noNamespaceSchemaLocation="https://maven.apache.org/surefire/maven-surefire-plugin/xsd/surefire-test-report-3.0.xsd" version="3.0" name="TestSuite" time="25.652" tests="6" errors="0" skipped="0" failures="0">
  <properties>
[...]
</properties>
  <testcase name="successfulSearch" classname="tests.MovieTest" time="2.017">
    <system-err><![CDATA[SLF4J: Failed to load class "org.slf4j.impl.StaticLoggerBinder".
SLF4J: Defaulting to no-operation (NOP) logger implementation
SLF4J: See http://www.slf4j.org/codes.html#StaticLoggerBinder for further details.
SSttaratritnign gC hrCohmerDorimveerD r9i9.v0e.r4 89449..510 .(4d583474e.c5012 4(7d453b75eacf0e2243764b845e7a96f3de52338688946e7c6936a3cd757-3r8ef89s/6bcr6a3nachc-7h7ea-drse/f4s84/4b@r{a#n8c7h5}-)h eona dposr/t4 8344740@5{
#O8n7l5y }l) oocna lp ocortnn e3c6ti3o8n9s 
aOnrley  allloocwead.l 
cPolenansee csetei ohtntsp sa:/r/ec hraolmleodrwievedr..c
hPrloemiausme. osrge/es ehctutrpist:y/-/ccohnrsoimdeerdartiiovnes rf.orc hsruoggmeisutimo.nso rogn/ kseeecpiunrgi tCyh-rcomoenDsriivdeer rsaatfie.o
ns for suggestions on keeping ChromeDriver safe.
ChromeDriver was started successfully.
ChromeDriver was started successfully.
Starting ChromeDriver 99.0.4844.51 (d537ec02474b5afe23684e7963d538896c63ac77-refs/branch-heads/4844@{#875}) on port 43455
Only local connections are allowed.
Please see https://chromedriver.chromium.org/security-considerations for suggestions on keeping ChromeDriver safe.
ChromeDriver was started successfully.
Starting ChromeDriver 99.0.4844.51 (d537ec02474b5afe23684e7963d538896c63ac77-refs/branch-heads/4844@{#875}) on port 41279
Only local connections are allowed.
Please see https://chromedriver.chromium.org/security-considerations for suggestions on keeping ChromeDriver safe.
ChromeDriver was started successfully.
Mar 22, 2022 10:37:59 PM org.openqa.selenium.remote.ProtocolHandshake createSession
INFO: Detected dialect: W3C
Mar 22, 2022 10:38:00 PM org.openqa.selenium.remote.ProtocolHandshake createSession
INFO: Detected dialect: W3C
Mar 22, 2022 10:38:00 PM org.openqa.selenium.remote.ProtocolHandshake createSession
INFO: Detected dialect: W3C
Mar 22, 2022 10:38:00 PM org.openqa.selenium.remote.ProtocolHandshake createSession
INFO: Detected dialect: W3C
]]></system-err>
  </testcase>
  <testcase name="sortByDatesOnAscendingOrder" classname="tests.MovieTest" time="3.851">
    <system-out><![CDATA[1896
1902
1903
1915
]]></system-out>
    <system-err><![CDATA[Starting ChromeDriver 99.0.4844.51 (d537ec02474b5afe23684e7963d538896c63ac77-refs/branch-heads/4844@{#875}) on port 37908
Only local connections are allowed.
Please see https://chromedriver.chromium.org/security-considerations for suggestions on keeping ChromeDriver safe.
ChromeDriver was started successfully.
]]></system-err>
  </testcase>
  <testcase name="validateActingTimeline" classname="tests.MovieTest" time="2.826">
    <system-err><![CDATA[Starting ChromeDriver 99.0.4844.51 (d537ec02474b5afe23684e7963d538896c63ac77-refs/branch-heads/4844@{#875}) on port 6036
Only local connections are allowed.
Please see https://chromedriver.chromium.org/security-considerations for suggestions on keeping ChromeDriver safe.
ChromeDriver was started successfully.
Mar 22, 2022 10:38:11 PM org.openqa.selenium.remote.ProtocolHandshake createSession
INFO: Detected dialect: W3C
Mar 22, 2022 10:38:11 PM org.openqa.selenium.remote.ProtocolHandshake createSession
INFO: Detected dialect: W3C
]]></system-err>
  </testcase>
  <testcase name="verifyMovieGenreFilter" classname="tests.MovieTest" time="3.554">
    <system-out><![CDATA[Drama Action Crime Thriller 
]]></system-out>
  </testcase>
  <testcase name="failedLogin" classname="tests.LoginTest" time="2.256"/>
  <testcase name="successfulLogin" classname="tests.LoginTest" time="2.505"/>
</testsuite>